\BOOKMARK [1][-]{section.1}{\376\377\000P\000e\000n\000d\000a\000h\000u\000l\000u\000a\000n}{}% 1
\BOOKMARK [1][-]{section.2}{\376\377\000T\000i\000n\000j\000a\000u\000a\000n\000\040\000P\000r\000o\000y\000e\000k}{}% 2
\BOOKMARK [1][-]{section.3}{\376\377\000A\000r\000s\000i\000t\000e\000k\000t\000u\000r\000\040\000S\000i\000s\000t\000e\000m}{}% 3
\BOOKMARK [2][-]{subsection.3.1}{\376\377\000A\000r\000s\000i\000t\000e\000k\000t\000u\000r\000\040\000F\000r\000o\000n\000t\000e\000n\000d}{section.3}% 4
\BOOKMARK [3][-]{subsubsection.3.1.1}{\376\377\000K\000e\000r\000a\000n\000g\000k\000a\000\040\000K\000e\000r\000j\000a\000\040\000U\000I}{subsection.3.1}% 5
\BOOKMARK [3][-]{subsubsection.3.1.2}{\376\377\000L\000a\000p\000i\000s\000a\000n\000\040\000A\000n\000t\000a\000r\000m\000u\000k\000a\000\040\000P\000e\000n\000g\000g\000u\000n\000a}{subsection.3.1}% 6
\BOOKMARK [2][-]{subsection.3.2}{\376\377\000A\000r\000s\000i\000t\000e\000k\000t\000u\000r\000\040\000M\000i\000d\000d\000l\000e\000w\000a\000r\000e}{section.3}% 7
\BOOKMARK [3][-]{subsubsection.3.2.1}{\376\377\000L\000a\000p\000i\000s\000a\000n\000\040\000L\000o\000g\000i\000k\000a\000\040\000B\000i\000s\000n\000i\000s}{subsection.3.2}% 8
\BOOKMARK [3][-]{subsubsection.3.2.2}{\376\377\000L\000a\000p\000i\000s\000a\000n\000\040\000I\000n\000t\000e\000g\000r\000a\000s\000i}{subsection.3.2}% 9
\BOOKMARK [2][-]{subsection.3.3}{\376\377\000A\000r\000s\000i\000t\000e\000k\000t\000u\000r\000\040\000B\000a\000c\000k\000e\000n\000d}{section.3}% 10
\BOOKMARK [3][-]{subsubsection.3.3.1}{\376\377\000L\000a\000p\000i\000s\000a\000n\000\040\000B\000a\000s\000i\000s\000\040\000D\000a\000t\000a}{subsection.3.3}% 11
\BOOKMARK [3][-]{subsubsection.3.3.2}{\376\377\000P\000e\000m\000r\000o\000s\000e\000s\000a\000n\000\040\000D\000a\000t\000a}{subsection.3.3}% 12
\BOOKMARK [3][-]{subsubsection.3.3.3}{\376\377\000L\000a\000p\000i\000s\000a\000n\000\040\000K\000e\000a\000m\000a\000n\000a\000n}{subsection.3.3}% 13
\BOOKMARK [1][-]{section.4}{\376\377\000S\000i\000s\000t\000e\000m\000\040\000K\000o\000n\000e\000k\000s\000i\000\040\000d\000a\000n\000\040\000A\000l\000u\000r\000\040\000D\000a\000t\000a}{}% 14
\BOOKMARK [2][-]{subsection.4.1}{\376\377\000A\000r\000s\000i\000t\000e\000k\000t\000u\000r\000\040\000K\000o\000n\000e\000k\000s\000i\000\040\000B\000a\000s\000i\000s\000\040\000D\000a\000t\000a}{section.4}% 15
\BOOKMARK [2][-]{subsection.4.2}{\376\377\000C\000o\000n\000t\000o\000h\000\040\000A\000l\000u\000r\000\040\000D\000a\000t\000a}{section.4}% 16
\BOOKMARK [3][-]{subsubsection.4.2.1}{\376\377\000A\000l\000u\000r\000\040\000T\000a\000m\000p\000i\000l\000a\000n\000\040\000K\000o\000l\000e\000k\000s\000i}{subsection.4.2}% 17
\BOOKMARK [3][-]{subsubsection.4.2.2}{\376\377\000A\000l\000u\000r\000\040\000M\000a\000n\000a\000j\000e\000m\000e\000n\000\040\000I\000t\000e\000m}{subsection.4.2}% 18
\BOOKMARK [3][-]{subsubsection.4.2.3}{\376\377\000I\000m\000p\000l\000e\000m\000e\000n\000t\000a\000s\000i\000\040\000P\000e\000n\000c\000a\000r\000i\000a\000n}{subsection.4.2}% 19
\BOOKMARK [2][-]{subsection.4.3}{\376\377\000M\000a\000n\000a\000j\000e\000m\000e\000n\000\040\000K\000o\000n\000e\000k\000s\000i}{section.4}% 20
\BOOKMARK [3][-]{subsubsection.4.3.1}{\376\377\000P\000e\000n\000a\000n\000g\000a\000n\000a\000n\000\040\000S\000u\000m\000b\000e\000r\000\040\000D\000a\000y\000a}{subsection.4.3}% 21
\BOOKMARK [3][-]{subsubsection.4.3.2}{\376\377\000O\000p\000t\000i\000m\000a\000l\000i\000s\000a\000s\000i\000\040\000K\000i\000n\000e\000r\000j\000a}{subsection.4.3}% 22
\BOOKMARK [2][-]{subsection.4.4}{\376\377\000P\000o\000l\000a\000\040\000A\000k\000s\000e\000s\000\040\000D\000a\000t\000a}{section.4}% 23
\BOOKMARK [3][-]{subsubsection.4.4.1}{\376\377\000O\000p\000e\000r\000a\000s\000i\000\040\000B\000a\000c\000a}{subsection.4.4}% 24
\BOOKMARK [3][-]{subsubsection.4.4.2}{\376\377\000O\000p\000e\000r\000a\000s\000i\000\040\000T\000u\000l\000i\000s}{subsection.4.4}% 25
\BOOKMARK [2][-]{subsection.4.5}{\376\377\000M\000a\000n\000a\000j\000e\000m\000e\000n\000\040\000T\000r\000a\000n\000s\000a\000k\000s\000i}{section.4}% 26
\BOOKMARK [3][-]{subsubsection.4.5.1}{\376\377\000P\000o\000l\000a\000\040\000T\000r\000a\000n\000s\000a\000k\000s\000i}{subsection.4.5}% 27
\BOOKMARK [3][-]{subsubsection.4.5.2}{\376\377\000P\000e\000n\000a\000n\000g\000a\000n\000a\000n\000\040\000K\000e\000s\000a\000l\000a\000h\000a\000n}{subsection.4.5}% 28
\BOOKMARK [1][-]{section.5}{\376\377\000S\000t\000r\000u\000k\000t\000u\000r\000\040\000P\000r\000o\000y\000e\000k}{}% 29
\BOOKMARK [2][-]{subsection.5.1}{\376\377\000I\000s\000i\000\040\000D\000i\000r\000e\000k\000t\000o\000r\000i\000\040\000R\000o\000o\000t}{section.5}% 30
\BOOKMARK [1][-]{section.6}{\376\377\000O\000r\000g\000a\000n\000i\000s\000a\000s\000i\000\040\000K\000o\000d\000e\000\040\000S\000u\000m\000b\000e\000r}{}% 31
\BOOKMARK [2][-]{subsection.6.1}{\376\377\000A\000p\000l\000i\000k\000a\000s\000i\000\040\000U\000t\000a\000m\000a}{section.6}% 32
\BOOKMARK [3][-]{subsubsection.6.1.1}{\376\377\000M\000a\000i\000n\000.\000j\000a\000v\000a}{subsection.6.1}% 33
\BOOKMARK [2][-]{subsection.6.2}{\376\377\000D\000i\000r\000e\000k\000t\000o\000r\000i\000\040\000K\000o\000m\000p\000o\000n\000e\000n}{section.6}% 34
\BOOKMARK [3][-]{subsubsection.6.2.1}{\376\377\000U\000t\000i\000l\000i\000t\000a\000s}{subsection.6.2}% 35
\BOOKMARK [3][-]{subsubsection.6.2.2}{\376\377\000K\000a\000r\000t\000u\000\040\000\050\000C\000a\000r\000d\000s\000\051}{subsection.6.2}% 36
\BOOKMARK [3][-]{subsubsection.6.2.3}{\376\377\000K\000a\000r\000t\000u\000\040\000K\000o\000l\000e\000k\000s\000i}{subsection.6.2}% 37
\BOOKMARK [1][-]{section.7}{\376\377\000D\000i\000r\000e\000k\000t\000o\000r\000i\000\040\000H\000a\000l\000a\000m\000a\000n\000\040\000\050\000P\000a\000g\000e\000s\000\051}{}% 38
\BOOKMARK [2][-]{subsection.7.1}{\376\377\000H\000a\000l\000a\000m\000a\000n\000\040\000L\000o\000g\000i\000n}{section.7}% 39
\BOOKMARK [3][-]{subsubsection.7.1.1}{\376\377\000L\000o\000g\000i\000n\000F\000r\000a\000m\000e\000.\000j\000a\000v\000a}{subsection.7.1}% 40
\BOOKMARK [3][-]{subsubsection.7.1.2}{\376\377\000R\000e\000g\000i\000s\000t\000e\000r\000F\000r\000a\000m\000e\000.\000j\000a\000v\000a}{subsection.7.1}% 41
\BOOKMARK [2][-]{subsection.7.2}{\376\377\000H\000a\000l\000a\000m\000a\000n\000\040\000A\000d\000m\000i\000n}{section.7}% 42
\BOOKMARK [3][-]{subsubsection.7.2.1}{\376\377\000D\000a\000s\000h\000b\000o\000a\000r\000d\000.\000j\000a\000v\000a}{subsection.7.2}% 43
\BOOKMARK [3][-]{subsubsection.7.2.2}{\376\377\000I\000n\000v\000e\000n\000t\000o\000r\000y\000.\000j\000a\000v\000a}{subsection.7.2}% 44
\BOOKMARK [3][-]{subsubsection.7.2.3}{\376\377\000A\000d\000d\000I\000t\000e\000m\000.\000j\000a\000v\000a}{subsection.7.2}% 45
\BOOKMARK [3][-]{subsubsection.7.2.4}{\376\377\000E\000d\000i\000t\000I\000t\000e\000m\000.\000j\000a\000v\000a}{subsection.7.2}% 46
\BOOKMARK [3][-]{subsubsection.7.2.5}{\376\377\000S\000u\000g\000g\000e\000s\000t\000i\000o\000n\000s\000.\000j\000a\000v\000a}{subsection.7.2}% 47
\BOOKMARK [2][-]{subsection.7.3}{\376\377\000H\000a\000l\000a\000m\000a\000n\000\040\000P\000e\000n\000g\000g\000u\000n\000a}{section.7}% 48
\BOOKMARK [3][-]{subsubsection.7.3.1}{\376\377\000H\000o\000m\000e\000P\000a\000g\000e\000.\000j\000a\000v\000a}{subsection.7.3}% 49
\BOOKMARK [3][-]{subsubsection.7.3.2}{\376\377\000M\000u\000s\000e\000u\000m\000C\000o\000l\000l\000e\000c\000t\000i\000o\000n\000.\000j\000a\000v\000a}{subsection.7.3}% 50
\BOOKMARK [3][-]{subsubsection.7.3.3}{\376\377\000I\000t\000e\000m\000D\000i\000s\000p\000l\000a\000y\000.\000j\000a\000v\000a}{subsection.7.3}% 51
\BOOKMARK [3][-]{subsubsection.7.3.4}{\376\377\000I\000t\000e\000m\000P\000r\000o\000f\000i\000l\000e\000.\000j\000a\000v\000a}{subsection.7.3}% 52
\BOOKMARK [3][-]{subsubsection.7.3.5}{\376\377\000S\000u\000g\000g\000e\000s\000t\000i\000o\000n\000F\000o\000r\000m\000.\000j\000a\000v\000a}{subsection.7.3}% 53
\BOOKMARK [3][-]{subsubsection.7.3.6}{\376\377\000S\000u\000g\000g\000e\000s\000t\000i\000o\000n\000T\000a\000b\000l\000e\000.\000j\000a\000v\000a}{subsection.7.3}% 54
\BOOKMARK [1][-]{section.8}{\376\377\000S\000i\000s\000t\000e\000m\000\040\000B\000u\000i\000l\000d}{}% 55
\BOOKMARK [2][-]{subsection.8.1}{\376\377\000b\000u\000i\000l\000d\000.\000x\000m\000l}{section.8}% 56
\BOOKMARK [1][-]{section.9}{\376\377\000B\000a\000s\000i\000s\000\040\000D\000a\000t\000a}{}% 57
\BOOKMARK [2][-]{subsection.9.1}{\376\377\000m\000u\000s\000e\000u\000m\000\137\000i\000n\000s\000e\000r\000t\000\137\000q\000u\000e\000r\000i\000e\000s\000.\000s\000q\000l}{section.9}% 58
\BOOKMARK [2][-]{subsection.9.2}{\376\377\000g\000e\000t\000\137\000d\000a\000t\000a\000.\000p\000y}{section.9}% 59
\BOOKMARK [1][-]{section.10}{\376\377\000P\000e\000m\000e\000l\000i\000h\000a\000r\000a\000a\000n\000\040\000d\000a\000n\000\040\000P\000e\000m\000b\000a\000r\000u\000a\000n}{}% 60
\BOOKMARK [2][-]{subsection.10.1}{\376\377\000P\000e\000m\000e\000l\000i\000h\000a\000r\000a\000a\000n\000\040\000K\000o\000d\000e}{section.10}% 61
\BOOKMARK [2][-]{subsection.10.2}{\376\377\000P\000e\000m\000e\000l\000i\000h\000a\000r\000a\000a\000n\000\040\000B\000a\000s\000i\000s\000\040\000D\000a\000t\000a}{section.10}% 62
\BOOKMARK [1][-]{section.11}{\376\377\000P\000a\000n\000d\000u\000a\000n\000\040\000P\000e\000n\000g\000g\000u\000n\000a\000a\000n}{}% 63
\BOOKMARK [2][-]{subsection.11.1}{\376\377\000I\000n\000s\000t\000a\000l\000a\000s\000i}{section.11}% 64
\BOOKMARK [2][-]{subsection.11.2}{\376\377\000M\000e\000n\000j\000a\000l\000a\000n\000k\000a\000n\000\040\000A\000p\000l\000i\000k\000a\000s\000i}{section.11}% 65
\BOOKMARK [1][-]{section.12}{\376\377\000P\000e\000m\000e\000c\000a\000h\000a\000n\000\040\000M\000a\000s\000a\000l\000a\000h}{}% 66
\BOOKMARK [1][-]{section.13}{\376\377\000P\000a\000n\000d\000u\000a\000n\000\040\000P\000e\000n\000g\000e\000m\000b\000a\000n\000g\000a\000n}{}% 67
\BOOKMARK [1][-]{section.14}{\376\377\000K\000e\000s\000i\000m\000p\000u\000l\000a\000n}{}% 68
\BOOKMARK [1][-]{section.15}{\376\377\000K\000l\000a\000s\000i\000f\000i\000k\000a\000s\000i\000\040\000L\000a\000p\000i\000s\000a\000n\000\040\000A\000r\000s\000i\000t\000e\000k\000t\000u\000r}{}% 69
\BOOKMARK [2][-]{subsection.15.1}{\376\377\000L\000a\000p\000i\000s\000a\000n\000\040\000F\000r\000o\000n\000t\000e\000n\000d}{section.15}% 70
\BOOKMARK [3][-]{subsubsection.15.1.1}{\376\377\000H\000a\000l\000a\000m\000a\000n}{subsection.15.1}% 71
\BOOKMARK [3][-]{subsubsection.15.1.2}{\376\377\000K\000o\000m\000p\000o\000n\000e\000n\000\040\000U\000I}{subsection.15.1}% 72
\BOOKMARK [2][-]{subsection.15.2}{\376\377\000L\000a\000p\000i\000s\000a\000n\000\040\000M\000i\000d\000d\000l\000e\000w\000a\000r\000e}{section.15}% 73
\BOOKMARK [2][-]{subsection.15.3}{\376\377\000L\000a\000p\000i\000s\000a\000n\000\040\000B\000a\000c\000k\000e\000n\000d}{section.15}% 74
\BOOKMARK [2][-]{subsection.15.4}{\376\377\000F\000i\000l\000e\000\040\000K\000o\000n\000f\000i\000g\000u\000r\000a\000s\000i}{section.15}% 75
